# JRE version: Java(TM) SE Runtime Environment (8.0_92-b14) (build 1.8.0_92-b14)
# Java VM: Java HotSpot(TM) 64-Bit Server VM (25.92-b14 mixed mode windows-amd64 compressed oops)
Heap:
 PSYoungGen      total 372736K, used 101034K [0x00000000d8400000, 0x00000000fca00000, 0x0000000100000000)
  eden space 360960K, 24% used [0x00000000d8400000,0x00000000ddb2c310,0x00000000ee480000)
  from space 11776K, 99% used [0x00000000ee480000,0x00000000eeffe5e0,0x00000000ef000000)
  to   space 23552K, 0% used [0x00000000fb300000,0x00000000fb300000,0x00000000fca00000)
 ParOldGen       total 55808K, used 42022K [0x0000000088c00000, 0x000000008c280000, 0x00000000d8400000)
  object space 55808K, 75% used [0x0000000088c00000,0x000000008b509898,0x000000008c280000)
 Metaspace       used 54534K, capacity 57360K, committed 57560K, reserved 1099776K
  class space    used 7281K, capacity 7934K, committed 7936K, reserved 1048576K
GC Heap History (10 events):
Event: 2.385 GC heap before
{Heap before GC invocations=9 (full 1):
 PSYoungGen      total 129536K, used 120320K [0x00000000d8400000, 0x00000000e8100000, 0x0000000100000000)
  eden space 120320K, 100% used [0x00000000d8400000,0x00000000df980000,0x00000000df980000)
  from space 9216K, 0% used [0x00000000df980000,0x00000000df980000,0x00000000e0280000)
  to   space 9216K, 0% used [0x00000000e7800000,0x00000000e7800000,0x00000000e8100000)
 ParOldGen       total 40960K, used 5076K [0x0000000088c00000, 0x000000008b400000, 0x00000000d8400000)
  object space 40960K, 12% used [0x0000000088c00000,0x00000000890f51a8,0x000000008b400000)
 Metaspace       used 26870K, capacity 27766K, committed 28032K, reserved 1073152K
  class space    used 3493K, capacity 3701K, committed 3712K, reserved 1048576K
Event: 2.389 GC heap after
Heap after GC invocations=9 (full 1):
 PSYoungGen      total 239616K, used 6161K [0x00000000d8400000, 0x00000000e7e80000, 0x0000000100000000)
  eden space 232960K, 0% used [0x00000000d8400000,0x00000000d8400000,0x00000000e6780000)
  from space 6656K, 92% used [0x00000000e7800000,0x00000000e7e04428,0x00000000e7e80000)
  to   space 9216K, 0% used [0x00000000e6c80000,0x00000000e6c80000,0x00000000e7580000)
 ParOldGen       total 40960K, used 5148K [0x0000000088c00000, 0x000000008b400000, 0x00000000d8400000)
  object space 40960K, 12% used [0x0000000088c00000,0x00000000891071b8,0x000000008b400000)
 Metaspace       used 26870K, capacity 27766K, committed 28032K, reserved 1073152K
  class space    used 3493K, capacity 3701K, committed 3712K, reserved 1048576K
}
Event: 3.508 GC heap before
{Heap before GC invocations=10 (full 1):
 PSYoungGen      total 239616K, used 239121K [0x00000000d8400000, 0x00000000e7e80000, 0x0000000100000000)
  eden space 232960K, 100% used [0x00000000d8400000,0x00000000e6780000,0x00000000e6780000)
  from space 6656K, 92% used [0x00000000e7800000,0x00000000e7e04428,0x00000000e7e80000)
  to   space 9216K, 0% used [0x00000000e6c80000,0x00000000e6c80000,0x00000000e7580000)
 ParOldGen       total 40960K, used 5148K [0x0000000088c00000, 0x000000008b400000, 0x00000000d8400000)
  object space 40960K, 12% used [0x0000000088c00000,0x00000000891071b8,0x000000008b400000)
 Metaspace       used 32130K, capacity 33460K, committed 33664K, reserved 1079296K
  class space    used 4164K, capacity 4426K, committed 4480K, reserved 1048576K
Event: 3.521 GC heap after
Heap after GC invocations=10 (full 1):
 PSYoungGen      total 247296K, used 9202K [0x00000000d8400000, 0x00000000efb80000, 0x0000000100000000)
  eden space 238080K, 0% used [0x00000000d8400000,0x00000000d8400000,0x00000000e6c80000)
  from space 9216K, 99% used [0x00000000e6c80000,0x00000000e757cae8,0x00000000e7580000)
  to   space 11776K, 0% used [0x00000000ef000000,0x00000000ef000000,0x00000000efb80000)
 ParOldGen       total 40960K, used 8530K [0x0000000088c00000, 0x000000008b400000, 0x00000000d8400000)
  object space 40960K, 20% used [0x0000000088c00000,0x0000000089454838,0x000000008b400000)
 Metaspace       used 32130K, capacity 33460K, committed 33664K, reserved 1079296K
  class space    used 4164K, capacity 4426K, committed 4480K, reserved 1048576K
}
Event: 3.956 GC heap before
{Heap before GC invocations=11 (full 1):
 PSYoungGen      total 247296K, used 106805K [0x00000000d8400000, 0x00000000efb80000, 0x0000000100000000)
  eden space 238080K, 40% used [0x00000000d8400000,0x00000000de350c38,0x00000000e6c80000)
  from space 9216K, 99% used [0x00000000e6c80000,0x00000000e757cae8,0x00000000e7580000)
  to   space 11776K, 0% used [0x00000000ef000000,0x00000000ef000000,0x00000000efb80000)
 ParOldGen       total 40960K, used 8530K [0x0000000088c00000, 0x000000008b400000, 0x00000000d8400000)
  object space 40960K, 20% used [0x0000000088c00000,0x0000000089454838,0x000000008b400000)
 Metaspace       used 33766K, capacity 35316K, committed 35416K, reserved 1079296K
  class space    used 4378K, capacity 4662K, committed 4736K, reserved 1048576K
Event: 3.964 GC heap after
Heap after GC invocations=11 (full 1):
 PSYoungGen      total 372736K, used 7082K [0x00000000d8400000, 0x00000000f0000000, 0x0000000100000000)
  eden space 360960K, 0% used [0x00000000d8400000,0x00000000d8400000,0x00000000ee480000)
  from space 11776K, 60% used [0x00000000ef000000,0x00000000ef6ea870,0x00000000efb80000)
  to   space 11776K, 0% used [0x00000000ee480000,0x00000000ee480000,0x00000000ef000000)
 ParOldGen       total 40960K, used 11006K [0x0000000088c00000, 0x000000008b400000, 0x00000000d8400000)
  object space 40960K, 26% used [0x0000000088c00000,0x00000000896bf888,0x000000008b400000)
 Metaspace       used 33766K, capacity 35316K, committed 35416K, reserved 1079296K
  class space    used 4378K, capacity 4662K, committed 4736K, reserved 1048576K
}
Event: 3.964 GC heap before
{Heap before GC invocations=12 (full 2):
 PSYoungGen      total 372736K, used 7082K [0x00000000d8400000, 0x00000000f0000000, 0x0000000100000000)
  eden space 360960K, 0% used [0x00000000d8400000,0x00000000d8400000,0x00000000ee480000)
  from space 11776K, 60% used [0x00000000ef000000,0x00000000ef6ea870,0x00000000efb80000)
  to   space 11776K, 0% used [0x00000000ee480000,0x00000000ee480000,0x00000000ef000000)
 ParOldGen       total 40960K, used 11006K [0x0000000088c00000, 0x000000008b400000, 0x00000000d8400000)
  object space 40960K, 26% used [0x0000000088c00000,0x00000000896bf888,0x000000008b400000)
 Metaspace       used 33766K, capacity 35316K, committed 35416K, reserved 1079296K
  class space    used 4378K, capacity 4662K, committed 4736K, reserved 1048576K
Event: 4.005 GC heap after
Heap after GC invocations=12 (full 2):
 PSYoungGen      total 372736K, used 0K [0x00000000d8400000, 0x00000000f0000000, 0x0000000100000000)
  eden space 360960K, 0% used [0x00000000d8400000,0x00000000d8400000,0x00000000ee480000)
  from space 11776K, 0% used [0x00000000ef000000,0x00000000ef000000,0x00000000efb80000)
  to   space 11776K, 0% used [0x00000000ee480000,0x00000000ee480000,0x00000000ef000000)
 ParOldGen       total 55808K, used 14061K [0x0000000088c00000, 0x000000008c280000, 0x00000000d8400000)
  object space 55808K, 25% used [0x0000000088c00000,0x00000000899bb730,0x000000008c280000)
 Metaspace       used 33766K, capacity 35316K, committed 35416K, reserved 1079296K
  class space    used 4378K, capacity 4662K, committed 4736K, reserved 1048576K
}
Event: 6.230 GC heap before
{Heap before GC invocations=13 (full 2):
 PSYoungGen      total 372736K, used 360960K [0x00000000d8400000, 0x00000000f0000000, 0x0000000100000000)
  eden space 360960K, 100% used [0x00000000d8400000,0x00000000ee480000,0x00000000ee480000)
  from space 11776K, 0% used [0x00000000ef000000,0x00000000ef000000,0x00000000efb80000)
  to   space 11776K, 0% used [0x00000000ee480000,0x00000000ee480000,0x00000000ef000000)
 ParOldGen       total 55808K, used 14061K [0x0000000088c00000, 0x000000008c280000, 0x00000000d8400000)
  object space 55808K, 25% used [0x0000000088c00000,0x00000000899bb730,0x000000008c280000)
 Metaspace       used 53468K, capacity 55952K, committed 56152K, reserved 1097728K
  class space    used 7118K, capacity 7708K, committed 7808K, reserved 1048576K
Event: 6.456 GC heap after
Heap after GC invocations=13 (full 2):
 PSYoungGen      total 372736K, used 11769K [0x00000000d8400000, 0x00000000fca00000, 0x0000000100000000)
  eden space 360960K, 0% used [0x00000000d8400000,0x00000000d8400000,0x00000000ee480000)
  from space 11776K, 99% used [0x00000000ee480000,0x00000000eeffe5e0,0x00000000ef000000)
  to   space 23552K, 0% used [0x00000000fb300000,0x00000000fb300000,0x00000000fca00000)
 ParOldGen       total 55808K, used 42022K [0x0000000088c00000, 0x000000008c280000, 0x00000000d8400000)
  object space 55808K, 75% used [0x0000000088c00000,0x000000008b509898,0x000000008c280000)
 Metaspace       used 53468K, capacity 55952K, committed 56152K, reserved 1097728K
  class space    used 7118K, capacity 7708K, committed 7808K, reserved 1048576K
}

