# JRE version: Java(TM) SE Runtime Environment (8.0_92-b14) (build 1.8.0_92-b14)
# Java VM: Java HotSpot(TM) 64-Bit Server VM (25.92-b14 mixed mode windows-amd64 compressed oops)
Heap:
 PSYoungGen      total 216576K, used 130318K [0x00000000d8400000, 0x00000000e9f00000, 0x0000000100000000)
  eden space 207360K, 58% used [0x00000000d8400000,0x00000000dfa44628,0x00000000e4e80000)
  from space 9216K, 99% used [0x00000000e4e80000,0x00000000e577f228,0x00000000e5780000)
  to   space 11264K, 0% used [0x00000000e9400000,0x00000000e9400000,0x00000000e9f00000)
 ParOldGen       total 78848K, used 15779K [0x0000000088c00000, 0x000000008d900000, 0x00000000d8400000)
  object space 78848K, 20% used [0x0000000088c00000,0x0000000089b68f08,0x000000008d900000)
 Metaspace       used 50278K, capacity 52620K, committed 52736K, reserved 1099776K
  class space    used 6559K, capacity 7146K, committed 7168K, reserved 1048576K
GC Heap History (10 events):
Event: 2.763 GC heap before
{Heap before GC invocations=11 (full 1):
 PSYoungGen      total 129536K, used 128330K [0x00000000d8400000, 0x00000000e3300000, 0x0000000100000000)
  eden space 121856K, 100% used [0x00000000d8400000,0x00000000dfb00000,0x00000000dfb00000)
  from space 7680K, 84% used [0x00000000dfb00000,0x00000000e0152ab0,0x00000000e0280000)
  to   space 8192K, 0% used [0x00000000e2b00000,0x00000000e2b00000,0x00000000e3300000)
 ParOldGen       total 50688K, used 6126K [0x0000000088c00000, 0x000000008bd80000, 0x00000000d8400000)
  object space 50688K, 12% used [0x0000000088c00000,0x00000000891fbb38,0x000000008bd80000)
 Metaspace       used 29326K, capacity 30384K, committed 30720K, reserved 1075200K
  class space    used 3750K, capacity 3992K, committed 4096K, reserved 1048576K
Event: 2.771 GC heap after
Heap after GC invocations=11 (full 1):
 PSYoungGen      total 168448K, used 8128K [0x00000000d8400000, 0x00000000e3300000, 0x0000000100000000)
  eden space 160256K, 0% used [0x00000000d8400000,0x00000000d8400000,0x00000000e2080000)
  from space 8192K, 99% used [0x00000000e2b00000,0x00000000e32f0230,0x00000000e3300000)
  to   space 9216K, 0% used [0x00000000e2100000,0x00000000e2100000,0x00000000e2a00000)
 ParOldGen       total 50688K, used 6134K [0x0000000088c00000, 0x000000008bd80000, 0x00000000d8400000)
  object space 50688K, 12% used [0x0000000088c00000,0x00000000891fdb38,0x000000008bd80000)
 Metaspace       used 29326K, capacity 30384K, committed 30720K, reserved 1075200K
  class space    used 3750K, capacity 3992K, committed 4096K, reserved 1048576K
}
Event: 3.443 GC heap before
{Heap before GC invocations=12 (full 1):
 PSYoungGen      total 168448K, used 168384K [0x00000000d8400000, 0x00000000e3300000, 0x0000000100000000)
  eden space 160256K, 100% used [0x00000000d8400000,0x00000000e2080000,0x00000000e2080000)
  from space 8192K, 99% used [0x00000000e2b00000,0x00000000e32f0230,0x00000000e3300000)
  to   space 9216K, 0% used [0x00000000e2100000,0x00000000e2100000,0x00000000e2a00000)
 ParOldGen       total 50688K, used 6134K [0x0000000088c00000, 0x000000008bd80000, 0x00000000d8400000)
  object space 50688K, 12% used [0x0000000088c00000,0x00000000891fdb38,0x000000008bd80000)
 Metaspace       used 33018K, capacity 34398K, committed 34560K, reserved 1079296K
  class space    used 4219K, capacity 4497K, committed 4608K, reserved 1048576K
Event: 3.451 GC heap after
Heap after GC invocations=12 (full 1):
 PSYoungGen      total 169984K, used 7133K [0x00000000d8400000, 0x00000000e6100000, 0x0000000100000000)
  eden space 160768K, 0% used [0x00000000d8400000,0x00000000d8400000,0x00000000e2100000)
  from space 9216K, 77% used [0x00000000e2100000,0x00000000e27f7550,0x00000000e2a00000)
  to   space 9728K, 0% used [0x00000000e5780000,0x00000000e5780000,0x00000000e6100000)
 ParOldGen       total 50688K, used 8742K [0x0000000088c00000, 0x000000008bd80000, 0x00000000d8400000)
  object space 50688K, 17% used [0x0000000088c00000,0x0000000089489b98,0x000000008bd80000)
 Metaspace       used 33018K, capacity 34398K, committed 34560K, reserved 1079296K
  class space    used 4219K, capacity 4497K, committed 4608K, reserved 1048576K
}
Event: 3.587 GC heap before
{Heap before GC invocations=13 (full 1):
 PSYoungGen      total 169984K, used 44354K [0x00000000d8400000, 0x00000000e6100000, 0x0000000100000000)
  eden space 160768K, 23% used [0x00000000d8400000,0x00000000da8593d0,0x00000000e2100000)
  from space 9216K, 77% used [0x00000000e2100000,0x00000000e27f7550,0x00000000e2a00000)
  to   space 9728K, 0% used [0x00000000e5780000,0x00000000e5780000,0x00000000e6100000)
 ParOldGen       total 50688K, used 8742K [0x0000000088c00000, 0x000000008bd80000, 0x00000000d8400000)
  object space 50688K, 17% used [0x0000000088c00000,0x0000000089489b98,0x000000008bd80000)
 Metaspace       used 33874K, capacity 35414K, committed 35416K, reserved 1081344K
  class space    used 4325K, capacity 4607K, committed 4608K, reserved 1048576K
Event: 3.594 GC heap after
Heap after GC invocations=13 (full 1):
 PSYoungGen      total 217088K, used 4332K [0x00000000d8400000, 0x00000000e6500000, 0x0000000100000000)
  eden space 207360K, 0% used [0x00000000d8400000,0x00000000d8400000,0x00000000e4e80000)
  from space 9728K, 44% used [0x00000000e5780000,0x00000000e5bbb2e8,0x00000000e6100000)
  to   space 9216K, 0% used [0x00000000e4e80000,0x00000000e4e80000,0x00000000e5780000)
 ParOldGen       total 50688K, used 10490K [0x0000000088c00000, 0x000000008bd80000, 0x00000000d8400000)
  object space 50688K, 20% used [0x0000000088c00000,0x000000008963eba8,0x000000008bd80000)
 Metaspace       used 33874K, capacity 35414K, committed 35416K, reserved 1081344K
  class space    used 4325K, capacity 4607K, committed 4608K, reserved 1048576K
}
Event: 3.594 GC heap before
{Heap before GC invocations=14 (full 2):
 PSYoungGen      total 217088K, used 4332K [0x00000000d8400000, 0x00000000e6500000, 0x0000000100000000)
  eden space 207360K, 0% used [0x00000000d8400000,0x00000000d8400000,0x00000000e4e80000)
  from space 9728K, 44% used [0x00000000e5780000,0x00000000e5bbb2e8,0x00000000e6100000)
  to   space 9216K, 0% used [0x00000000e4e80000,0x00000000e4e80000,0x00000000e5780000)
 ParOldGen       total 50688K, used 10490K [0x0000000088c00000, 0x000000008bd80000, 0x00000000d8400000)
  object space 50688K, 20% used [0x0000000088c00000,0x000000008963eba8,0x000000008bd80000)
 Metaspace       used 33874K, capacity 35414K, committed 35416K, reserved 1081344K
  class space    used 4325K, capacity 4607K, committed 4608K, reserved 1048576K
Event: 3.644 GC heap after
Heap after GC invocations=14 (full 2):
 PSYoungGen      total 217088K, used 0K [0x00000000d8400000, 0x00000000e6500000, 0x0000000100000000)
  eden space 207360K, 0% used [0x00000000d8400000,0x00000000d8400000,0x00000000e4e80000)
  from space 9728K, 0% used [0x00000000e5780000,0x00000000e5780000,0x00000000e6100000)
  to   space 9216K, 0% used [0x00000000e4e80000,0x00000000e4e80000,0x00000000e5780000)
 ParOldGen       total 78848K, used 13026K [0x0000000088c00000, 0x000000008d900000, 0x00000000d8400000)
  object space 78848K, 16% used [0x0000000088c00000,0x00000000898b8b18,0x000000008d900000)
 Metaspace       used 33874K, capacity 35414K, committed 35416K, reserved 1081344K
  class space    used 4325K, capacity 4607K, committed 4608K, reserved 1048576K
}
Event: 4.563 GC heap before
{Heap before GC invocations=15 (full 2):
 PSYoungGen      total 217088K, used 207360K [0x00000000d8400000, 0x00000000e6500000, 0x0000000100000000)
  eden space 207360K, 100% used [0x00000000d8400000,0x00000000e4e80000,0x00000000e4e80000)
  from space 9728K, 0% used [0x00000000e5780000,0x00000000e5780000,0x00000000e6100000)
  to   space 9216K, 0% used [0x00000000e4e80000,0x00000000e4e80000,0x00000000e5780000)
 ParOldGen       total 78848K, used 13026K [0x0000000088c00000, 0x000000008d900000, 0x00000000d8400000)
  object space 78848K, 16% used [0x0000000088c00000,0x00000000898b8b18,0x000000008d900000)
 Metaspace       used 42829K, capacity 44890K, committed 45184K, reserved 1089536K
  class space    used 5493K, capacity 5933K, committed 6016K, reserved 1048576K
Event: 4.571 GC heap after
Heap after GC invocations=15 (full 2):
 PSYoungGen      total 216576K, used 9212K [0x00000000d8400000, 0x00000000e9f00000, 0x0000000100000000)
  eden space 207360K, 0% used [0x00000000d8400000,0x00000000d8400000,0x00000000e4e80000)
  from space 9216K, 99% used [0x00000000e4e80000,0x00000000e577f228,0x00000000e5780000)
  to   space 11264K, 0% used [0x00000000e9400000,0x00000000e9400000,0x00000000e9f00000)
 ParOldGen       total 78848K, used 15779K [0x0000000088c00000, 0x000000008d900000, 0x00000000d8400000)
  object space 78848K, 20% used [0x0000000088c00000,0x0000000089b68f08,0x000000008d900000)
 Metaspace       used 42829K, capacity 44890K, committed 45184K, reserved 1089536K
  class space    used 5493K, capacity 5933K, committed 6016K, reserved 1048576K
}

